<?xml version="1.0" encoding="UTF-8"?>
<!-- Generated by org.testng.reporters.JUnitXMLReporter -->
<testsuite ignored="1" hostname="DESKTOP-K3COTAD" failures="0" tests="1" name="Default test" time="0.543" errors="0" timestamp="2022-04-06T11:51:25 IST">
  <testcase classname="storeProcedureTesting.StoreProcedure" name="test_setAllCustomers" time="0.095"/>
  <testcase classname="storeProcedureTesting.StoreProcedure" name="test_storeProcedureExists" time="0.0">
    <ignored/>
  </testcase> <!-- test_storeProcedureExists -->
</testsuite> <!-- Default test -->
