<?xml version="1.0" encoding="UTF-8"?>
<testng-results ignored="1" total="2" passed="1" failed="0" skipped="0">
  <reporter-output>
  </reporter-output>
  <suite started-at="2022-04-06T11:51:25 IST" name="Default suite" finished-at="2022-04-06T11:51:25 IST" duration-ms="543">
    <groups>
    </groups>
    <test started-at="2022-04-06T11:51:25 IST" name="Default test" finished-at="2022-04-06T11:51:25 IST" duration-ms="543">
      <class name="storeProcedureTesting.StoreProcedure">
        <test-method is-config="true" signature="setup()[pri:0, instance:storeProcedureTesting.StoreProcedure@2b48a640]" started-at="2022-04-06T11:51:25 IST" name="setup" finished-at="2022-04-06T11:51:25 IST" duration-ms="406" status="PASS">
          <reporter-output>
          </reporter-output>
        </test-method> <!-- setup -->
        <test-method signature="test_setAllCustomers()[pri:1, instance:storeProcedureTesting.StoreProcedure@2b48a640]" started-at="2022-04-06T11:51:25 IST" name="test_setAllCustomers" finished-at="2022-04-06T11:51:25 IST" duration-ms="95" status="PASS">
          <reporter-output>
          </reporter-output>
        </test-method> <!-- test_setAllCustomers -->
        <test-method is-config="true" signature="tearDown()[pri:0, instance:storeProcedureTesting.StoreProcedure@2b48a640]" started-at="2022-04-06T11:51:25 IST" name="tearDown" finished-at="2022-04-06T11:51:25 IST" duration-ms="2" status="PASS">
          <reporter-output>
          </reporter-output>
        </test-method> <!-- tearDown -->
      </class> <!-- storeProcedureTesting.StoreProcedure -->
    </test> <!-- Default test -->
  </suite> <!-- Default suite -->
</testng-results>
