<?xml version="1.0" encoding="UTF-8"?>
<testng-results ignored="4" total="5" passed="0" failed="1" skipped="0">
  <reporter-output>
  </reporter-output>
  <suite started-at="2022-04-06T16:08:14 IST" name="Default suite" finished-at="2022-04-06T16:08:14 IST" duration-ms="556">
    <groups>
    </groups>
    <test started-at="2022-04-06T16:08:14 IST" name="Default test" finished-at="2022-04-06T16:08:14 IST" duration-ms="556">
      <class name="storeProcedureTesting.StoreProcedure">
        <test-method is-config="true" signature="setup()[pri:0, instance:storeProcedureTesting.StoreProcedure@7a419da4]" started-at="2022-04-06T16:08:14 IST" name="setup" finished-at="2022-04-06T16:08:14 IST" duration-ms="435" status="PASS">
          <reporter-output>
          </reporter-output>
        </test-method> <!-- setup -->
        <test-method signature="get_order_by_cust()[pri:5, instance:storeProcedureTesting.StoreProcedure@7a419da4]" started-at="2022-04-06T16:08:14 IST" name="get_order_by_cust" finished-at="2022-04-06T16:08:14 IST" duration-ms="85" status="FAIL">
          <exception class="java.sql.SQLSyntaxErrorException">
            <message>
              <![CDATA[You have an error in your SQL syntax; check the manual that corresponds to your MySQL server version for the right syntax to use near '' at line 1]]>
            </message>
            <full-stacktrace>
              <![CDATA[java.sql.SQLSyntaxErrorException: You have an error in your SQL syntax; check the manual that corresponds to your MySQL server version for the right syntax to use near '' at line 1
at com.mysql.cj.jdbc.exceptions.SQLError.createSQLException(SQLError.java:120)
at com.mysql.cj.jdbc.exceptions.SQLExceptionsMapping.translateException(SQLExceptionsMapping.java:122)
at com.mysql.cj.jdbc.StatementImpl.executeQuery(StatementImpl.java:1201)
at storeProcedureTesting.StoreProcedure.get_order_by_cust(StoreProcedure.java:145)
at java.base/jdk.internal.reflect.NativeMethodAccessorImpl.invoke0(Native Method)
at java.base/jdk.internal.reflect.NativeMethodAccessorImpl.invoke(NativeMethodAccessorImpl.java:62)
at java.base/jdk.internal.reflect.DelegatingMethodAccessorImpl.invoke(DelegatingMethodAccessorImpl.java:43)
at java.base/java.lang.reflect.Method.invoke(Method.java:566)
at org.testng.internal.MethodInvocationHelper.invokeMethod(MethodInvocationHelper.java:133)
at org.testng.internal.TestInvoker.invokeMethod(TestInvoker.java:598)
at org.testng.internal.TestInvoker.invokeTestMethod(TestInvoker.java:173)
at org.testng.internal.MethodRunner.runInSequence(MethodRunner.java:46)
at org.testng.internal.TestInvoker$MethodInvocationAgent.invoke(TestInvoker.java:824)
at org.testng.internal.TestInvoker.invokeTestMethods(TestInvoker.java:146)
at org.testng.internal.TestMethodWorker.invokeTestMethods(TestMethodWorker.java:146)
at org.testng.internal.TestMethodWorker.run(TestMethodWorker.java:128)
at java.base/java.util.ArrayList.forEach(ArrayList.java:1541)
at org.testng.TestRunner.privateRun(TestRunner.java:794)
at org.testng.TestRunner.run(TestRunner.java:596)
at org.testng.SuiteRunner.runTest(SuiteRunner.java:377)
at org.testng.SuiteRunner.runSequentially(SuiteRunner.java:371)
at org.testng.SuiteRunner.privateRun(SuiteRunner.java:332)
at org.testng.SuiteRunner.run(SuiteRunner.java:276)
at org.testng.SuiteRunnerWorker.runSuite(SuiteRunnerWorker.java:53)
at org.testng.SuiteRunnerWorker.run(SuiteRunnerWorker.java:96)
at org.testng.TestNG.runSuitesSequentially(TestNG.java:1212)
at org.testng.TestNG.runSuitesLocally(TestNG.java:1134)
at org.testng.TestNG.runSuites(TestNG.java:1063)
at org.testng.TestNG.run(TestNG.java:1031)
at org.testng.remote.AbstractRemoteTestNG.run(AbstractRemoteTestNG.java:115)
at org.testng.remote.RemoteTestNG.initAndRun(RemoteTestNG.java:251)
at org.testng.remote.RemoteTestNG.main(RemoteTestNG.java:77)
]]>
            </full-stacktrace>
          </exception> <!-- java.sql.SQLSyntaxErrorException -->
          <reporter-output>
          </reporter-output>
        </test-method> <!-- get_order_by_cust -->
        <test-method is-config="true" signature="tearDown()[pri:0, instance:storeProcedureTesting.StoreProcedure@7a419da4]" started-at="2022-04-06T16:08:14 IST" name="tearDown" finished-at="2022-04-06T16:08:14 IST" duration-ms="2" status="PASS">
          <reporter-output>
          </reporter-output>
        </test-method> <!-- tearDown -->
      </class> <!-- storeProcedureTesting.StoreProcedure -->
    </test> <!-- Default test -->
  </suite> <!-- Default suite -->
</testng-results>
